# JRE version: OpenJDK Runtime Environment Temurin-21.0.8+9 (21.0.8+9) (build 21.0.8+9-LTS)
# Java VM: OpenJDK 64-Bit Server VM Temurin-21.0.8+9 (21.0.8+9-LTS, mixed mode, sharing, tiered, compressed oops, compressed class ptrs, parallel gc, windows-amd64)
GC Precious Log:
 CardTable entry size: 512
 CPUs: 8 total, 8 available
 Memory: 3971M
 Large Page Support: Disabled
 NUMA Support: Disabled
 Compressed Oops: Enabled (32-bit)
 Alignments: Space 512K, Generation 512K, Heap 2M
 Heap Min Capacity: 100M
 Heap Initial Capacity: 100M
 Heap Max Capacity: 2G
 Pre-touch: Disabled
 Parallel Workers: 8
Heap:
 PSYoungGen      total 17408K, used 5939K [0x00000000d5580000, 0x00000000d7900000, 0x0000000100000000)
  eden space 16384K, 30% used [0x00000000d5580000,0x00000000d5a544d0,0x00000000d6580000)
  from space 1024K, 97% used [0x00000000d7800000,0x00000000d78f87a8,0x00000000d7900000)
  to   space 2048K, 0% used [0x00000000d7500000,0x00000000d7500000,0x00000000d7700000)
 ParOldGen       total 126976K, used 126904K [0x0000000080000000, 0x0000000087c00000, 0x00000000d5580000)
  object space 126976K, 99% used [0x0000000080000000,0x0000000087bee340,0x0000000087c00000)
 Metaspace       used 64319K, committed 65856K, reserved 1114112K
  class space    used 6880K, committed 7552K, reserved 1048576K
GC Heap History (20 events):
Event: 37.943 GC heap before
{Heap before GC invocations=34 (full 3):
 PSYoungGen      total 20992K, used 959K [0x00000000d5580000, 0x00000000d6c00000, 0x0000000100000000)
  eden space 19968K, 0% used [0x00000000d5580000,0x00000000d5580000,0x00000000d6900000)
  from space 1024K, 93% used [0x00000000d6900000,0x00000000d69efe50,0x00000000d6a00000)
  to   space 1536K, 0% used [0x00000000d6a80000,0x00000000d6a80000,0x00000000d6c00000)
 ParOldGen       total 68608K, used 41294K [0x0000000080000000, 0x0000000084300000, 0x00000000d5580000)
  object space 68608K, 60% used [0x0000000080000000,0x0000000082853a58,0x0000000084300000)
 Metaspace       used 58345K, committed 59776K, reserved 1114112K
  class space    used 6288K, committed 6912K, reserved 1048576K
}
Event: 38.111 GC heap after
{Heap after GC invocations=34 (full 3):
 PSYoungGen      total 20992K, used 0K [0x00000000d5580000, 0x00000000d6c00000, 0x0000000100000000)
  eden space 19968K, 0% used [0x00000000d5580000,0x00000000d5580000,0x00000000d6900000)
  from space 1024K, 0% used [0x00000000d6900000,0x00000000d6900000,0x00000000d6a00000)
  to   space 1536K, 0% used [0x00000000d6a80000,0x00000000d6a80000,0x00000000d6c00000)
 ParOldGen       total 68608K, used 38531K [0x0000000080000000, 0x0000000084300000, 0x00000000d5580000)
  object space 68608K, 56% used [0x0000000080000000,0x00000000825a0d98,0x0000000084300000)
 Metaspace       used 58345K, committed 59776K, reserved 1114112K
  class space    used 6288K, committed 6912K, reserved 1048576K
}
Event: 39.139 GC heap before
{Heap before GC invocations=35 (full 3):
 PSYoungGen      total 20992K, used 19968K [0x00000000d5580000, 0x00000000d6c00000, 0x0000000100000000)
  eden space 19968K, 100% used [0x00000000d5580000,0x00000000d6900000,0x00000000d6900000)
  from space 1024K, 0% used [0x00000000d6900000,0x00000000d6900000,0x00000000d6a00000)
  to   space 1536K, 0% used [0x00000000d6a80000,0x00000000d6a80000,0x00000000d6c00000)
 ParOldGen       total 68608K, used 38531K [0x0000000080000000, 0x0000000084300000, 0x00000000d5580000)
  object space 68608K, 56% used [0x0000000080000000,0x00000000825a0d98,0x0000000084300000)
 Metaspace       used 60227K, committed 61632K, reserved 1114112K
  class space    used 6497K, committed 7104K, reserved 1048576K
}
Event: 39.145 GC heap after
{Heap after GC invocations=35 (full 3):
 PSYoungGen      total 17920K, used 1518K [0x00000000d5580000, 0x00000000d7300000, 0x0000000100000000)
  eden space 16384K, 0% used [0x00000000d5580000,0x00000000d5580000,0x00000000d6580000)
  from space 1536K, 98% used [0x00000000d6a80000,0x00000000d6bfbaa0,0x00000000d6c00000)
  to   space 5120K, 0% used [0x00000000d6580000,0x00000000d6580000,0x00000000d6a80000)
 ParOldGen       total 68608K, used 41479K [0x0000000080000000, 0x0000000084300000, 0x00000000d5580000)
  object space 68608K, 60% used [0x0000000080000000,0x0000000082881ca8,0x0000000084300000)
 Metaspace       used 60227K, committed 61632K, reserved 1114112K
  class space    used 6497K, committed 7104K, reserved 1048576K
}
Event: 39.369 GC heap before
{Heap before GC invocations=36 (full 3):
 PSYoungGen      total 17920K, used 12877K [0x00000000d5580000, 0x00000000d7300000, 0x0000000100000000)
  eden space 16384K, 69% used [0x00000000d5580000,0x00000000d6097d18,0x00000000d6580000)
  from space 1536K, 98% used [0x00000000d6a80000,0x00000000d6bfbaa0,0x00000000d6c00000)
  to   space 5120K, 0% used [0x00000000d6580000,0x00000000d6580000,0x00000000d6a80000)
 ParOldGen       total 68608K, used 41479K [0x0000000080000000, 0x0000000084300000, 0x00000000d5580000)
  object space 68608K, 60% used [0x0000000080000000,0x0000000082881ca8,0x0000000084300000)
 Metaspace       used 60497K, committed 61952K, reserved 1114112K
  class space    used 6523K, committed 7104K, reserved 1048576K
}
Event: 39.378 GC heap after
{Heap after GC invocations=36 (full 3):
 PSYoungGen      total 20992K, used 4246K [0x00000000d5580000, 0x00000000d6e80000, 0x0000000100000000)
  eden space 16384K, 0% used [0x00000000d5580000,0x00000000d5580000,0x00000000d6580000)
  from space 4608K, 92% used [0x00000000d6580000,0x00000000d69a5820,0x00000000d6a00000)
  to   space 4608K, 0% used [0x00000000d6a00000,0x00000000d6a00000,0x00000000d6e80000)
 ParOldGen       total 68608K, used 44270K [0x0000000080000000, 0x0000000084300000, 0x00000000d5580000)
  object space 68608K, 64% used [0x0000000080000000,0x0000000082b3b920,0x0000000084300000)
 Metaspace       used 60497K, committed 61952K, reserved 1114112K
  class space    used 6523K, committed 7104K, reserved 1048576K
}
Event: 40.187 GC heap before
{Heap before GC invocations=37 (full 3):
 PSYoungGen      total 20992K, used 20630K [0x00000000d5580000, 0x00000000d6e80000, 0x0000000100000000)
  eden space 16384K, 100% used [0x00000000d5580000,0x00000000d6580000,0x00000000d6580000)
  from space 4608K, 92% used [0x00000000d6580000,0x00000000d69a5820,0x00000000d6a00000)
  to   space 4608K, 0% used [0x00000000d6a00000,0x00000000d6a00000,0x00000000d6e80000)
 ParOldGen       total 91136K, used 81609K [0x0000000080000000, 0x0000000085900000, 0x00000000d5580000)
  object space 91136K, 89% used [0x0000000080000000,0x0000000084fb2470,0x0000000085900000)
 Metaspace       used 61250K, committed 62720K, reserved 1114112K
  class space    used 6627K, committed 7232K, reserved 1048576K
}
Event: 40.193 GC heap after
{Heap after GC invocations=37 (full 3):
 PSYoungGen      total 18944K, used 2192K [0x00000000d5580000, 0x00000000d6c80000, 0x0000000100000000)
  eden space 16384K, 0% used [0x00000000d5580000,0x00000000d5580000,0x00000000d6580000)
  from space 2560K, 85% used [0x00000000d6a00000,0x00000000d6c24280,0x00000000d6c80000)
  to   space 3072K, 0% used [0x00000000d6680000,0x00000000d6680000,0x00000000d6980000)
 ParOldGen       total 91136K, used 81809K [0x0000000080000000, 0x0000000085900000, 0x00000000d5580000)
  object space 91136K, 89% used [0x0000000080000000,0x0000000084fe45a0,0x0000000085900000)
 Metaspace       used 61250K, committed 62720K, reserved 1114112K
  class space    used 6627K, committed 7232K, reserved 1048576K
}
Event: 40.638 GC heap before
{Heap before GC invocations=38 (full 3):
 PSYoungGen      total 18944K, used 18576K [0x00000000d5580000, 0x00000000d6c80000, 0x0000000100000000)
  eden space 16384K, 100% used [0x00000000d5580000,0x00000000d6580000,0x00000000d6580000)
  from space 2560K, 85% used [0x00000000d6a00000,0x00000000d6c24280,0x00000000d6c80000)
  to   space 3072K, 0% used [0x00000000d6680000,0x00000000d6680000,0x00000000d6980000)
 ParOldGen       total 91136K, used 81809K [0x0000000080000000, 0x0000000085900000, 0x00000000d5580000)
  object space 91136K, 89% used [0x0000000080000000,0x0000000084fe45a0,0x0000000085900000)
 Metaspace       used 61674K, committed 63104K, reserved 1114112K
  class space    used 6659K, committed 7232K, reserved 1048576K
}
Event: 40.654 GC heap after
{Heap after GC invocations=38 (full 3):
 PSYoungGen      total 19456K, used 3072K [0x00000000d5580000, 0x00000000d7b80000, 0x0000000100000000)
  eden space 16384K, 0% used [0x00000000d5580000,0x00000000d5580000,0x00000000d6580000)
  from space 3072K, 100% used [0x00000000d6680000,0x00000000d6980000,0x00000000d6980000)
  to   space 11264K, 0% used [0x00000000d7080000,0x00000000d7080000,0x00000000d7b80000)
 ParOldGen       total 91136K, used 88598K [0x0000000080000000, 0x0000000085900000, 0x00000000d5580000)
  object space 91136K, 97% used [0x0000000080000000,0x0000000085685b70,0x0000000085900000)
 Metaspace       used 61674K, committed 63104K, reserved 1114112K
  class space    used 6659K, committed 7232K, reserved 1048576K
}
Event: 40.854 GC heap before
{Heap before GC invocations=39 (full 3):
 PSYoungGen      total 19456K, used 19048K [0x00000000d5580000, 0x00000000d7b80000, 0x0000000100000000)
  eden space 16384K, 97% used [0x00000000d5580000,0x00000000d651a3c0,0x00000000d6580000)
  from space 3072K, 100% used [0x00000000d6680000,0x00000000d6980000,0x00000000d6980000)
  to   space 11264K, 0% used [0x00000000d7080000,0x00000000d7080000,0x00000000d7b80000)
 ParOldGen       total 91136K, used 88598K [0x0000000080000000, 0x0000000085900000, 0x00000000d5580000)
  object space 91136K, 97% used [0x0000000080000000,0x0000000085685b70,0x0000000085900000)
 Metaspace       used 62062K, committed 63488K, reserved 1114112K
  class space    used 6700K, committed 7296K, reserved 1048576K
}
Event: 40.877 GC heap after
{Heap after GC invocations=39 (full 3):
 PSYoungGen      total 27648K, used 10548K [0x00000000d5580000, 0x00000000d7b80000, 0x0000000100000000)
  eden space 16384K, 0% used [0x00000000d5580000,0x00000000d5580000,0x00000000d6580000)
  from space 11264K, 93% used [0x00000000d7080000,0x00000000d7acd3e0,0x00000000d7b80000)
  to   space 11264K, 0% used [0x00000000d6580000,0x00000000d6580000,0x00000000d7080000)
 ParOldGen       total 92160K, used 91711K [0x0000000080000000, 0x0000000085a00000, 0x00000000d5580000)
  object space 92160K, 99% used [0x0000000080000000,0x000000008598ffe0,0x0000000085a00000)
 Metaspace       used 62062K, committed 63488K, reserved 1114112K
  class space    used 6700K, committed 7296K, reserved 1048576K
}
Event: 41.117 GC heap before
{Heap before GC invocations=40 (full 3):
 PSYoungGen      total 27648K, used 26932K [0x00000000d5580000, 0x00000000d7b80000, 0x0000000100000000)
  eden space 16384K, 100% used [0x00000000d5580000,0x00000000d6580000,0x00000000d6580000)
  from space 11264K, 93% used [0x00000000d7080000,0x00000000d7acd3e0,0x00000000d7b80000)
  to   space 11264K, 0% used [0x00000000d6580000,0x00000000d6580000,0x00000000d7080000)
 ParOldGen       total 92160K, used 91711K [0x0000000080000000, 0x0000000085a00000, 0x00000000d5580000)
  object space 92160K, 99% used [0x0000000080000000,0x000000008598ffe0,0x0000000085a00000)
 Metaspace       used 62286K, committed 63744K, reserved 1114112K
  class space    used 6711K, committed 7296K, reserved 1048576K
}
Event: 41.144 GC heap after
{Heap after GC invocations=40 (full 3):
 PSYoungGen      total 27648K, used 11234K [0x00000000d5580000, 0x00000000d9480000, 0x0000000100000000)
  eden space 16384K, 0% used [0x00000000d5580000,0x00000000d5580000,0x00000000d6580000)
  from space 11264K, 99% used [0x00000000d6580000,0x00000000d7078930,0x00000000d7080000)
  to   space 24064K, 0% used [0x00000000d7d00000,0x00000000d7d00000,0x00000000d9480000)
 ParOldGen       total 102400K, used 102327K [0x0000000080000000, 0x0000000086400000, 0x00000000d5580000)
  object space 102400K, 99% used [0x0000000080000000,0x00000000863edfe0,0x0000000086400000)
 Metaspace       used 62286K, committed 63744K, reserved 1114112K
  class space    used 6711K, committed 7296K, reserved 1048576K
}
Event: 41.339 GC heap before
{Heap before GC invocations=41 (full 3):
 PSYoungGen      total 27648K, used 27573K [0x00000000d5580000, 0x00000000d9480000, 0x0000000100000000)
  eden space 16384K, 99% used [0x00000000d5580000,0x00000000d6574dd0,0x00000000d6580000)
  from space 11264K, 99% used [0x00000000d6580000,0x00000000d7078930,0x00000000d7080000)
  to   space 24064K, 0% used [0x00000000d7d00000,0x00000000d7d00000,0x00000000d9480000)
 ParOldGen       total 102400K, used 102327K [0x0000000080000000, 0x0000000086400000, 0x00000000d5580000)
  object space 102400K, 99% used [0x0000000080000000,0x00000000863edfe0,0x0000000086400000)
 Metaspace       used 62595K, committed 64064K, reserved 1114112K
  class space    used 6736K, committed 7360K, reserved 1048576K
}
Event: 41.368 GC heap after
{Heap after GC invocations=41 (full 3):
 PSYoungGen      total 26624K, used 10144K [0x00000000d5580000, 0x00000000d8700000, 0x0000000100000000)
  eden space 16384K, 0% used [0x00000000d5580000,0x00000000d5580000,0x00000000d6580000)
  from space 10240K, 99% used [0x00000000d7d00000,0x00000000d86e8140,0x00000000d8700000)
  to   space 14848K, 0% used [0x00000000d6a00000,0x00000000d6a00000,0x00000000d7880000)
 ParOldGen       total 115712K, used 115228K [0x0000000080000000, 0x0000000087100000, 0x00000000d5580000)
  object space 115712K, 99% used [0x0000000080000000,0x0000000087087240,0x0000000087100000)
 Metaspace       used 62595K, committed 64064K, reserved 1114112K
  class space    used 6736K, committed 7360K, reserved 1048576K
}
Event: 42.312 GC heap before
{Heap before GC invocations=42 (full 3):
 PSYoungGen      total 26624K, used 24997K [0x00000000d5580000, 0x00000000d8700000, 0x0000000100000000)
  eden space 16384K, 90% used [0x00000000d5580000,0x00000000d6401588,0x00000000d6580000)
  from space 10240K, 99% used [0x00000000d7d00000,0x00000000d86e8140,0x00000000d8700000)
  to   space 14848K, 0% used [0x00000000d6a00000,0x00000000d6a00000,0x00000000d7880000)
 ParOldGen       total 115712K, used 115228K [0x0000000080000000, 0x0000000087100000, 0x00000000d5580000)
  object space 115712K, 99% used [0x0000000080000000,0x0000000087087240,0x0000000087100000)
 Metaspace       used 63449K, committed 65024K, reserved 1114112K
  class space    used 6798K, committed 7488K, reserved 1048576K
}
Event: 42.328 GC heap after
{Heap after GC invocations=42 (full 3):
 PSYoungGen      total 18432K, used 1738K [0x00000000d5580000, 0x00000000d7d80000, 0x0000000100000000)
  eden space 16384K, 0% used [0x00000000d5580000,0x00000000d5580000,0x00000000d6580000)
  from space 2048K, 84% used [0x00000000d6a00000,0x00000000d6bb2970,0x00000000d6c00000)
  to   space 5632K, 0% used [0x00000000d7800000,0x00000000d7800000,0x00000000d7d80000)
 ParOldGen       total 125440K, used 125244K [0x0000000080000000, 0x0000000087a80000, 0x00000000d5580000)
  object space 125440K, 99% used [0x0000000080000000,0x0000000087a4f240,0x0000000087a80000)
 Metaspace       used 63449K, committed 65024K, reserved 1114112K
  class space    used 6798K, committed 7488K, reserved 1048576K
}
Event: 42.510 GC heap before
{Heap before GC invocations=43 (full 3):
 PSYoungGen      total 18432K, used 18122K [0x00000000d5580000, 0x00000000d7d80000, 0x0000000100000000)
  eden space 16384K, 100% used [0x00000000d5580000,0x00000000d6580000,0x00000000d6580000)
  from space 2048K, 84% used [0x00000000d6a00000,0x00000000d6bb2970,0x00000000d6c00000)
  to   space 5632K, 0% used [0x00000000d7800000,0x00000000d7800000,0x00000000d7d80000)
 ParOldGen       total 125440K, used 125244K [0x0000000080000000, 0x0000000087a80000, 0x00000000d5580000)
  object space 125440K, 99% used [0x0000000080000000,0x0000000087a4f240,0x0000000087a80000)
 Metaspace       used 63958K, committed 65472K, reserved 1114112K
  class space    used 6849K, committed 7488K, reserved 1048576K
}
Event: 42.514 GC heap after
{Heap after GC invocations=43 (full 3):
 PSYoungGen      total 17408K, used 993K [0x00000000d5580000, 0x00000000d7900000, 0x0000000100000000)
  eden space 16384K, 0% used [0x00000000d5580000,0x00000000d5580000,0x00000000d6580000)
  from space 1024K, 97% used [0x00000000d7800000,0x00000000d78f87a8,0x00000000d7900000)
  to   space 2048K, 0% used [0x00000000d7500000,0x00000000d7500000,0x00000000d7700000)
 ParOldGen       total 126976K, used 126904K [0x0000000080000000, 0x0000000087c00000, 0x00000000d5580000)
  object space 126976K, 99% used [0x0000000080000000,0x0000000087bee340,0x0000000087c00000)
 Metaspace       used 63958K, committed 65472K, reserved 1114112K
  class space    used 6849K, committed 7488K, reserved 1048576K
}

