# JRE version: OpenJDK Runtime Environment Temurin-21.0.8+9 (21.0.8+9) (build 21.0.8+9-LTS)
# Java VM: OpenJDK 64-Bit Server VM Temurin-21.0.8+9 (21.0.8+9-LTS, mixed mode, sharing, tiered, compressed oops, compressed class ptrs, parallel gc, windows-amd64)
GC Precious Log:
 CardTable entry size: 512
 CPUs: 8 total, 8 available
 Memory: 3971M
 Large Page Support: Disabled
 NUMA Support: Disabled
 Compressed Oops: Enabled (32-bit)
 Alignments: Space 512K, Generation 512K, Heap 2M
 Heap Min Capacity: 100M
 Heap Initial Capacity: 100M
 Heap Max Capacity: 2G
 Pre-touch: Disabled
 Parallel Workers: 8
Heap:
 PSYoungGen      total 20480K, used 7787K [0x00000000d5580000, 0x00000000d6e80000, 0x0000000100000000)
  eden space 18944K, 33% used [0x00000000d5580000,0x00000000d5b9ed10,0x00000000d6800000)
  from space 1536K, 98% used [0x00000000d6d00000,0x00000000d6e7c0b0,0x00000000d6e80000)
  to   space 2560K, 0% used [0x00000000d6980000,0x00000000d6980000,0x00000000d6c00000)
 ParOldGen       total 68608K, used 42814K [0x0000000080000000, 0x0000000084300000, 0x00000000d5580000)
  object space 68608K, 62% used [0x0000000080000000,0x00000000829cfba0,0x0000000084300000)
 Metaspace       used 63987K, committed 65344K, reserved 1114112K
  class space    used 6957K, committed 7552K, reserved 1048576K
GC Heap History (20 events):
Event: 31.785 GC heap before
{Heap before GC invocations=28 (full 2):
 PSYoungGen      total 22528K, used 22080K [0x00000000d5580000, 0x00000000d6e00000, 0x0000000100000000)
  eden space 19968K, 100% used [0x00000000d5580000,0x00000000d6900000,0x00000000d6900000)
  from space 2560K, 82% used [0x00000000d6900000,0x00000000d6b10000,0x00000000d6b80000)
  to   space 2560K, 0% used [0x00000000d6b80000,0x00000000d6b80000,0x00000000d6e00000)
 ParOldGen       total 68608K, used 35290K [0x0000000080000000, 0x0000000084300000, 0x00000000d5580000)
  object space 68608K, 51% used [0x0000000080000000,0x0000000082276a48,0x0000000084300000)
 Metaspace       used 53304K, committed 54528K, reserved 1114112K
  class space    used 5874K, committed 6400K, reserved 1048576K
}
Event: 31.791 GC heap after
{Heap after GC invocations=28 (full 2):
 PSYoungGen      total 22528K, used 2200K [0x00000000d5580000, 0x00000000d6e00000, 0x0000000100000000)
  eden space 19968K, 0% used [0x00000000d5580000,0x00000000d5580000,0x00000000d6900000)
  from space 2560K, 85% used [0x00000000d6b80000,0x00000000d6da6210,0x00000000d6e00000)
  to   space 2560K, 0% used [0x00000000d6900000,0x00000000d6900000,0x00000000d6b80000)
 ParOldGen       total 68608K, used 37266K [0x0000000080000000, 0x0000000084300000, 0x00000000d5580000)
  object space 68608K, 54% used [0x0000000080000000,0x0000000082464a48,0x0000000084300000)
 Metaspace       used 53304K, committed 54528K, reserved 1114112K
  class space    used 5874K, committed 6400K, reserved 1048576K
}
Event: 32.087 GC heap before
{Heap before GC invocations=29 (full 2):
 PSYoungGen      total 22528K, used 22168K [0x00000000d5580000, 0x00000000d6e00000, 0x0000000100000000)
  eden space 19968K, 100% used [0x00000000d5580000,0x00000000d6900000,0x00000000d6900000)
  from space 2560K, 85% used [0x00000000d6b80000,0x00000000d6da6210,0x00000000d6e00000)
  to   space 2560K, 0% used [0x00000000d6900000,0x00000000d6900000,0x00000000d6b80000)
 ParOldGen       total 68608K, used 37266K [0x0000000080000000, 0x0000000084300000, 0x00000000d5580000)
  object space 68608K, 54% used [0x0000000080000000,0x0000000082464a48,0x0000000084300000)
 Metaspace       used 54359K, committed 55552K, reserved 1114112K
  class space    used 6026K, committed 6528K, reserved 1048576K
}
Event: 32.094 GC heap after
{Heap after GC invocations=29 (full 2):
 PSYoungGen      total 21504K, used 1376K [0x00000000d5580000, 0x00000000d6d00000, 0x0000000100000000)
  eden space 19968K, 0% used [0x00000000d5580000,0x00000000d5580000,0x00000000d6900000)
  from space 1536K, 89% used [0x00000000d6900000,0x00000000d6a58000,0x00000000d6a80000)
  to   space 2048K, 0% used [0x00000000d6b00000,0x00000000d6b00000,0x00000000d6d00000)
 ParOldGen       total 68608K, used 39387K [0x0000000080000000, 0x0000000084300000, 0x00000000d5580000)
  object space 68608K, 57% used [0x0000000080000000,0x0000000082676c58,0x0000000084300000)
 Metaspace       used 54359K, committed 55552K, reserved 1114112K
  class space    used 6026K, committed 6528K, reserved 1048576K
}
Event: 32.643 GC heap before
{Heap before GC invocations=30 (full 2):
 PSYoungGen      total 21504K, used 21344K [0x00000000d5580000, 0x00000000d6d00000, 0x0000000100000000)
  eden space 19968K, 100% used [0x00000000d5580000,0x00000000d6900000,0x00000000d6900000)
  from space 1536K, 89% used [0x00000000d6900000,0x00000000d6a58000,0x00000000d6a80000)
  to   space 2048K, 0% used [0x00000000d6b00000,0x00000000d6b00000,0x00000000d6d00000)
 ParOldGen       total 68608K, used 39387K [0x0000000080000000, 0x0000000084300000, 0x00000000d5580000)
  object space 68608K, 57% used [0x0000000080000000,0x0000000082676c58,0x0000000084300000)
 Metaspace       used 55579K, committed 56832K, reserved 1114112K
  class space    used 6178K, committed 6720K, reserved 1048576K
}
Event: 32.645 GC heap after
{Heap after GC invocations=30 (full 2):
 PSYoungGen      total 20992K, used 632K [0x00000000d5580000, 0x00000000d6c00000, 0x0000000100000000)
  eden space 19968K, 0% used [0x00000000d5580000,0x00000000d5580000,0x00000000d6900000)
  from space 1024K, 61% used [0x00000000d6b00000,0x00000000d6b9e090,0x00000000d6c00000)
  to   space 1024K, 0% used [0x00000000d6a00000,0x00000000d6a00000,0x00000000d6b00000)
 ParOldGen       total 68608K, used 40670K [0x0000000080000000, 0x0000000084300000, 0x00000000d5580000)
  object space 68608K, 59% used [0x0000000080000000,0x00000000827b7938,0x0000000084300000)
 Metaspace       used 55579K, committed 56832K, reserved 1114112K
  class space    used 6178K, committed 6720K, reserved 1048576K
}
Event: 32.865 GC heap before
{Heap before GC invocations=31 (full 2):
 PSYoungGen      total 20992K, used 20600K [0x00000000d5580000, 0x00000000d6c00000, 0x0000000100000000)
  eden space 19968K, 100% used [0x00000000d5580000,0x00000000d6900000,0x00000000d6900000)
  from space 1024K, 61% used [0x00000000d6b00000,0x00000000d6b9e090,0x00000000d6c00000)
  to   space 1024K, 0% used [0x00000000d6a00000,0x00000000d6a00000,0x00000000d6b00000)
 ParOldGen       total 68608K, used 40670K [0x0000000080000000, 0x0000000084300000, 0x00000000d5580000)
  object space 68608K, 59% used [0x0000000080000000,0x00000000827b7938,0x0000000084300000)
 Metaspace       used 57042K, committed 58432K, reserved 1114112K
  class space    used 6313K, committed 6912K, reserved 1048576K
}
Event: 32.866 GC heap after
{Heap after GC invocations=31 (full 2):
 PSYoungGen      total 20992K, used 960K [0x00000000d5580000, 0x00000000d6c00000, 0x0000000100000000)
  eden space 19968K, 0% used [0x00000000d5580000,0x00000000d5580000,0x00000000d6900000)
  from space 1024K, 93% used [0x00000000d6a00000,0x00000000d6af0010,0x00000000d6b00000)
  to   space 1024K, 0% used [0x00000000d6b00000,0x00000000d6b00000,0x00000000d6c00000)
 ParOldGen       total 68608K, used 41178K [0x0000000080000000, 0x0000000084300000, 0x00000000d5580000)
  object space 68608K, 60% used [0x0000000080000000,0x0000000082836b98,0x0000000084300000)
 Metaspace       used 57042K, committed 58432K, reserved 1114112K
  class space    used 6313K, committed 6912K, reserved 1048576K
}
Event: 32.931 GC heap before
{Heap before GC invocations=32 (full 2):
 PSYoungGen      total 20992K, used 20928K [0x00000000d5580000, 0x00000000d6c00000, 0x0000000100000000)
  eden space 19968K, 100% used [0x00000000d5580000,0x00000000d6900000,0x00000000d6900000)
  from space 1024K, 93% used [0x00000000d6a00000,0x00000000d6af0010,0x00000000d6b00000)
  to   space 1024K, 0% used [0x00000000d6b00000,0x00000000d6b00000,0x00000000d6c00000)
 ParOldGen       total 68608K, used 41178K [0x0000000080000000, 0x0000000084300000, 0x00000000d5580000)
  object space 68608K, 60% used [0x0000000080000000,0x0000000082836b98,0x0000000084300000)
 Metaspace       used 57339K, committed 58688K, reserved 1114112K
  class space    used 6332K, committed 6912K, reserved 1048576K
}
Event: 32.934 GC heap after
{Heap after GC invocations=32 (full 2):
 PSYoungGen      total 19968K, used 1017K [0x00000000d5580000, 0x00000000d6f00000, 0x0000000100000000)
  eden space 18944K, 0% used [0x00000000d5580000,0x00000000d5580000,0x00000000d6800000)
  from space 1024K, 99% used [0x00000000d6b00000,0x00000000d6bfe490,0x00000000d6c00000)
  to   space 3072K, 0% used [0x00000000d6800000,0x00000000d6800000,0x00000000d6b00000)
 ParOldGen       total 68608K, used 42523K [0x0000000080000000, 0x0000000084300000, 0x00000000d5580000)
  object space 68608K, 61% used [0x0000000080000000,0x0000000082986ce8,0x0000000084300000)
 Metaspace       used 57339K, committed 58688K, reserved 1114112K
  class space    used 6332K, committed 6912K, reserved 1048576K
}
Event: 32.976 GC heap before
{Heap before GC invocations=33 (full 2):
 PSYoungGen      total 19968K, used 19961K [0x00000000d5580000, 0x00000000d6f00000, 0x0000000100000000)
  eden space 18944K, 100% used [0x00000000d5580000,0x00000000d6800000,0x00000000d6800000)
  from space 1024K, 99% used [0x00000000d6b00000,0x00000000d6bfe490,0x00000000d6c00000)
  to   space 3072K, 0% used [0x00000000d6800000,0x00000000d6800000,0x00000000d6b00000)
 ParOldGen       total 68608K, used 42523K [0x0000000080000000, 0x0000000084300000, 0x00000000d5580000)
  object space 68608K, 61% used [0x0000000080000000,0x0000000082986ce8,0x0000000084300000)
 Metaspace       used 57757K, committed 59008K, reserved 1114112K
  class space    used 6363K, committed 6912K, reserved 1048576K
}
Event: 32.977 GC heap after
{Heap after GC invocations=33 (full 2):
 PSYoungGen      total 19456K, used 288K [0x00000000d5580000, 0x00000000d6b80000, 0x0000000100000000)
  eden space 18944K, 0% used [0x00000000d5580000,0x00000000d5580000,0x00000000d6800000)
  from space 512K, 56% used [0x00000000d6800000,0x00000000d6848000,0x00000000d6880000)
  to   space 1536K, 0% used [0x00000000d6a00000,0x00000000d6a00000,0x00000000d6b80000)
 ParOldGen       total 68608K, used 43367K [0x0000000080000000, 0x0000000084300000, 0x00000000d5580000)
  object space 68608K, 63% used [0x0000000080000000,0x0000000082a59c20,0x0000000084300000)
 Metaspace       used 57757K, committed 59008K, reserved 1114112K
  class space    used 6363K, committed 6912K, reserved 1048576K
}
Event: 33.020 GC heap before
{Heap before GC invocations=34 (full 2):
 PSYoungGen      total 19456K, used 4597K [0x00000000d5580000, 0x00000000d6b80000, 0x0000000100000000)
  eden space 18944K, 22% used [0x00000000d5580000,0x00000000d59b55e0,0x00000000d6800000)
  from space 512K, 56% used [0x00000000d6800000,0x00000000d6848000,0x00000000d6880000)
  to   space 1536K, 0% used [0x00000000d6a00000,0x00000000d6a00000,0x00000000d6b80000)
 ParOldGen       total 68608K, used 43367K [0x0000000080000000, 0x0000000084300000, 0x00000000d5580000)
  object space 68608K, 63% used [0x0000000080000000,0x0000000082a59c20,0x0000000084300000)
 Metaspace       used 58478K, committed 59776K, reserved 1114112K
  class space    used 6444K, committed 7040K, reserved 1048576K
}
Event: 33.022 GC heap after
{Heap after GC invocations=34 (full 2):
 PSYoungGen      total 19456K, used 256K [0x00000000d5580000, 0x00000000d6a80000, 0x0000000100000000)
  eden space 18944K, 0% used [0x00000000d5580000,0x00000000d5580000,0x00000000d6800000)
  from space 512K, 50% used [0x00000000d6a00000,0x00000000d6a40000,0x00000000d6a80000)
  to   space 512K, 0% used [0x00000000d6800000,0x00000000d6800000,0x00000000d6880000)
 ParOldGen       total 68608K, used 43459K [0x0000000080000000, 0x0000000084300000, 0x00000000d5580000)
  object space 68608K, 63% used [0x0000000080000000,0x0000000082a70c30,0x0000000084300000)
 Metaspace       used 58478K, committed 59776K, reserved 1114112K
  class space    used 6444K, committed 7040K, reserved 1048576K
}
Event: 33.022 GC heap before
{Heap before GC invocations=35 (full 3):
 PSYoungGen      total 19456K, used 256K [0x00000000d5580000, 0x00000000d6a80000, 0x0000000100000000)
  eden space 18944K, 0% used [0x00000000d5580000,0x00000000d5580000,0x00000000d6800000)
  from space 512K, 50% used [0x00000000d6a00000,0x00000000d6a40000,0x00000000d6a80000)
  to   space 512K, 0% used [0x00000000d6800000,0x00000000d6800000,0x00000000d6880000)
 ParOldGen       total 68608K, used 43459K [0x0000000080000000, 0x0000000084300000, 0x00000000d5580000)
  object space 68608K, 63% used [0x0000000080000000,0x0000000082a70c30,0x0000000084300000)
 Metaspace       used 58478K, committed 59776K, reserved 1114112K
  class space    used 6444K, committed 7040K, reserved 1048576K
}
Event: 33.090 GC heap after
{Heap after GC invocations=35 (full 3):
 PSYoungGen      total 19456K, used 0K [0x00000000d5580000, 0x00000000d6a80000, 0x0000000100000000)
  eden space 18944K, 0% used [0x00000000d5580000,0x00000000d5580000,0x00000000d6800000)
  from space 512K, 0% used [0x00000000d6a00000,0x00000000d6a00000,0x00000000d6a80000)
  to   space 512K, 0% used [0x00000000d6800000,0x00000000d6800000,0x00000000d6880000)
 ParOldGen       total 68608K, used 39007K [0x0000000080000000, 0x0000000084300000, 0x00000000d5580000)
  object space 68608K, 56% used [0x0000000080000000,0x0000000082617d88,0x0000000084300000)
 Metaspace       used 58478K, committed 59776K, reserved 1114112K
  class space    used 6444K, committed 7040K, reserved 1048576K
}
Event: 33.328 GC heap before
{Heap before GC invocations=36 (full 3):
 PSYoungGen      total 19456K, used 18944K [0x00000000d5580000, 0x00000000d6a80000, 0x0000000100000000)
  eden space 18944K, 100% used [0x00000000d5580000,0x00000000d6800000,0x00000000d6800000)
  from space 512K, 0% used [0x00000000d6a00000,0x00000000d6a00000,0x00000000d6a80000)
  to   space 512K, 0% used [0x00000000d6800000,0x00000000d6800000,0x00000000d6880000)
 ParOldGen       total 68608K, used 39007K [0x0000000080000000, 0x0000000084300000, 0x00000000d5580000)
  object space 68608K, 56% used [0x0000000080000000,0x0000000082617d88,0x0000000084300000)
 Metaspace       used 60936K, committed 62272K, reserved 1114112K
  class space    used 6656K, committed 7232K, reserved 1048576K
}
Event: 33.331 GC heap after
{Heap after GC invocations=36 (full 3):
 PSYoungGen      total 19456K, used 495K [0x00000000d5580000, 0x00000000d7200000, 0x0000000100000000)
  eden space 18944K, 0% used [0x00000000d5580000,0x00000000d5580000,0x00000000d6800000)
  from space 512K, 96% used [0x00000000d6800000,0x00000000d687bc68,0x00000000d6880000)
  to   space 5120K, 0% used [0x00000000d6d00000,0x00000000d6d00000,0x00000000d7200000)
 ParOldGen       total 68608K, used 42526K [0x0000000080000000, 0x0000000084300000, 0x00000000d5580000)
  object space 68608K, 61% used [0x0000000080000000,0x0000000082987b90,0x0000000084300000)
 Metaspace       used 60936K, committed 62272K, reserved 1114112K
  class space    used 6656K, committed 7232K, reserved 1048576K
}
Event: 33.814 GC heap before
{Heap before GC invocations=37 (full 3):
 PSYoungGen      total 19456K, used 19439K [0x00000000d5580000, 0x00000000d7200000, 0x0000000100000000)
  eden space 18944K, 100% used [0x00000000d5580000,0x00000000d6800000,0x00000000d6800000)
  from space 512K, 96% used [0x00000000d6800000,0x00000000d687bc68,0x00000000d6880000)
  to   space 5120K, 0% used [0x00000000d6d00000,0x00000000d6d00000,0x00000000d7200000)
 ParOldGen       total 68608K, used 42526K [0x0000000080000000, 0x0000000084300000, 0x00000000d5580000)
  object space 68608K, 61% used [0x0000000080000000,0x0000000082987b90,0x0000000084300000)
 Metaspace       used 63142K, committed 64512K, reserved 1114112K
  class space    used 6868K, committed 7488K, reserved 1048576K
}
Event: 33.819 GC heap after
{Heap after GC invocations=37 (full 3):
 PSYoungGen      total 20480K, used 1520K [0x00000000d5580000, 0x00000000d6e80000, 0x0000000100000000)
  eden space 18944K, 0% used [0x00000000d5580000,0x00000000d5580000,0x00000000d6800000)
  from space 1536K, 98% used [0x00000000d6d00000,0x00000000d6e7c0b0,0x00000000d6e80000)
  to   space 2560K, 0% used [0x00000000d6980000,0x00000000d6980000,0x00000000d6c00000)
 ParOldGen       total 68608K, used 42814K [0x0000000080000000, 0x0000000084300000, 0x00000000d5580000)
  object space 68608K, 62% used [0x0000000080000000,0x00000000829cfba0,0x0000000084300000)
 Metaspace       used 63142K, committed 64512K, reserved 1114112K
  class space    used 6868K, committed 7488K, reserved 1048576K
}

