# JRE version: OpenJDK Runtime Environment Temurin-21.0.8+9 (21.0.8+9) (build 21.0.8+9-LTS)
# Java VM: OpenJDK 64-Bit Server VM Temurin-21.0.8+9 (21.0.8+9-LTS, mixed mode, sharing, tiered, compressed oops, compressed class ptrs, parallel gc, windows-amd64)
GC Precious Log:
 CardTable entry size: 512
 CPUs: 8 total, 8 available
 Memory: 3971M
 Large Page Support: Disabled
 NUMA Support: Disabled
 Compressed Oops: Enabled (32-bit)
 Alignments: Space 512K, Generation 512K, Heap 2M
 Heap Min Capacity: 100M
 Heap Initial Capacity: 100M
 Heap Max Capacity: 2G
 Pre-touch: Disabled
 Parallel Workers: 8
Heap:
 PSYoungGen      total 19456K, used 5605K [0x00000000d5580000, 0x00000000d6a00000, 0x0000000100000000)
  eden space 18944K, 29% used [0x00000000d5580000,0x00000000d5af9430,0x00000000d6800000)
  from space 512K, 0% used [0x00000000d6980000,0x00000000d6980000,0x00000000d6a00000)
  to   space 1024K, 0% used [0x00000000d6800000,0x00000000d6800000,0x00000000d6900000)
 ParOldGen       total 68608K, used 37951K [0x0000000080000000, 0x0000000084300000, 0x00000000d5580000)
  object space 68608K, 55% used [0x0000000080000000,0x000000008250fe40,0x0000000084300000)
 Metaspace       used 58862K, committed 60224K, reserved 1114112K
  class space    used 6361K, committed 6912K, reserved 1048576K
GC Heap History (20 events):
Event: 12.216 GC heap before
{Heap before GC invocations=26 (full 2):
 PSYoungGen      total 22528K, used 22308K [0x00000000d5580000, 0x00000000d6e00000, 0x0000000100000000)
  eden space 19968K, 100% used [0x00000000d5580000,0x00000000d6900000,0x00000000d6900000)
  from space 2560K, 91% used [0x00000000d6900000,0x00000000d6b49000,0x00000000d6b80000)
  to   space 2560K, 0% used [0x00000000d6b80000,0x00000000d6b80000,0x00000000d6e00000)
 ParOldGen       total 68608K, used 31346K [0x0000000080000000, 0x0000000084300000, 0x00000000d5580000)
  object space 68608K, 45% used [0x0000000080000000,0x0000000081e9c8c8,0x0000000084300000)
 Metaspace       used 48555K, committed 49792K, reserved 1114112K
  class space    used 5300K, committed 5824K, reserved 1048576K
}
Event: 12.220 GC heap after
{Heap after GC invocations=26 (full 2):
 PSYoungGen      total 22528K, used 2208K [0x00000000d5580000, 0x00000000d6e00000, 0x0000000100000000)
  eden space 19968K, 0% used [0x00000000d5580000,0x00000000d5580000,0x00000000d6900000)
  from space 2560K, 86% used [0x00000000d6b80000,0x00000000d6da8010,0x00000000d6e00000)
  to   space 2560K, 0% used [0x00000000d6900000,0x00000000d6900000,0x00000000d6b80000)
 ParOldGen       total 68608K, used 33578K [0x0000000080000000, 0x0000000084300000, 0x00000000d5580000)
  object space 68608K, 48% used [0x0000000080000000,0x00000000820ca9c8,0x0000000084300000)
 Metaspace       used 48555K, committed 49792K, reserved 1114112K
  class space    used 5300K, committed 5824K, reserved 1048576K
}
Event: 12.435 GC heap before
{Heap before GC invocations=27 (full 2):
 PSYoungGen      total 22528K, used 22176K [0x00000000d5580000, 0x00000000d6e00000, 0x0000000100000000)
  eden space 19968K, 100% used [0x00000000d5580000,0x00000000d6900000,0x00000000d6900000)
  from space 2560K, 86% used [0x00000000d6b80000,0x00000000d6da8010,0x00000000d6e00000)
  to   space 2560K, 0% used [0x00000000d6900000,0x00000000d6900000,0x00000000d6b80000)
 ParOldGen       total 68608K, used 33578K [0x0000000080000000, 0x0000000084300000, 0x00000000d5580000)
  object space 68608K, 48% used [0x0000000080000000,0x00000000820ca9c8,0x0000000084300000)
 Metaspace       used 49175K, committed 50368K, reserved 1114112K
  class space    used 5384K, committed 5888K, reserved 1048576K
}
Event: 12.440 GC heap after
{Heap after GC invocations=27 (full 2):
 PSYoungGen      total 22016K, used 1656K [0x00000000d5580000, 0x00000000d6d00000, 0x0000000100000000)
  eden space 19968K, 0% used [0x00000000d5580000,0x00000000d5580000,0x00000000d6900000)
  from space 2048K, 80% used [0x00000000d6900000,0x00000000d6a9e200,0x00000000d6b00000)
  to   space 2048K, 0% used [0x00000000d6b00000,0x00000000d6b00000,0x00000000d6d00000)
 ParOldGen       total 68608K, used 35698K [0x0000000080000000, 0x0000000084300000, 0x00000000d5580000)
  object space 68608K, 52% used [0x0000000080000000,0x00000000822dc9d8,0x0000000084300000)
 Metaspace       used 49175K, committed 50368K, reserved 1114112K
  class space    used 5384K, committed 5888K, reserved 1048576K
}
Event: 12.868 GC heap before
{Heap before GC invocations=28 (full 2):
 PSYoungGen      total 22016K, used 21624K [0x00000000d5580000, 0x00000000d6d00000, 0x0000000100000000)
  eden space 19968K, 100% used [0x00000000d5580000,0x00000000d6900000,0x00000000d6900000)
  from space 2048K, 80% used [0x00000000d6900000,0x00000000d6a9e200,0x00000000d6b00000)
  to   space 2048K, 0% used [0x00000000d6b00000,0x00000000d6b00000,0x00000000d6d00000)
 ParOldGen       total 68608K, used 35698K [0x0000000080000000, 0x0000000084300000, 0x00000000d5580000)
  object space 68608K, 52% used [0x0000000080000000,0x00000000822dc9d8,0x0000000084300000)
 Metaspace       used 50634K, committed 51968K, reserved 1114112K
  class space    used 5588K, committed 6144K, reserved 1048576K
}
Event: 12.871 GC heap after
{Heap after GC invocations=28 (full 2):
 PSYoungGen      total 20992K, used 581K [0x00000000d5580000, 0x00000000d6c00000, 0x0000000100000000)
  eden space 19968K, 0% used [0x00000000d5580000,0x00000000d5580000,0x00000000d6900000)
  from space 1024K, 56% used [0x00000000d6b00000,0x00000000d6b91558,0x00000000d6c00000)
  to   space 1024K, 0% used [0x00000000d6a00000,0x00000000d6a00000,0x00000000d6b00000)
 ParOldGen       total 68608K, used 37267K [0x0000000080000000, 0x0000000084300000, 0x00000000d5580000)
  object space 68608K, 54% used [0x0000000080000000,0x0000000082464c10,0x0000000084300000)
 Metaspace       used 50634K, committed 51968K, reserved 1114112K
  class space    used 5588K, committed 6144K, reserved 1048576K
}
Event: 13.267 GC heap before
{Heap before GC invocations=29 (full 2):
 PSYoungGen      total 20992K, used 20549K [0x00000000d5580000, 0x00000000d6c00000, 0x0000000100000000)
  eden space 19968K, 100% used [0x00000000d5580000,0x00000000d6900000,0x00000000d6900000)
  from space 1024K, 56% used [0x00000000d6b00000,0x00000000d6b91558,0x00000000d6c00000)
  to   space 1024K, 0% used [0x00000000d6a00000,0x00000000d6a00000,0x00000000d6b00000)
 ParOldGen       total 68608K, used 37267K [0x0000000080000000, 0x0000000084300000, 0x00000000d5580000)
  object space 68608K, 54% used [0x0000000080000000,0x0000000082464c10,0x0000000084300000)
 Metaspace       used 52346K, committed 53696K, reserved 1114112K
  class space    used 5730K, committed 6272K, reserved 1048576K
}
Event: 13.269 GC heap after
{Heap after GC invocations=29 (full 2):
 PSYoungGen      total 20480K, used 480K [0x00000000d5580000, 0x00000000d6b80000, 0x0000000100000000)
  eden space 19968K, 0% used [0x00000000d5580000,0x00000000d5580000,0x00000000d6900000)
  from space 512K, 93% used [0x00000000d6a00000,0x00000000d6a78000,0x00000000d6a80000)
  to   space 1024K, 0% used [0x00000000d6a80000,0x00000000d6a80000,0x00000000d6b80000)
 ParOldGen       total 68608K, used 37744K [0x0000000080000000, 0x0000000084300000, 0x00000000d5580000)
  object space 68608K, 55% used [0x0000000080000000,0x00000000824dc168,0x0000000084300000)
 Metaspace       used 52346K, committed 53696K, reserved 1114112K
  class space    used 5730K, committed 6272K, reserved 1048576K
}
Event: 13.369 GC heap before
{Heap before GC invocations=30 (full 2):
 PSYoungGen      total 20480K, used 20448K [0x00000000d5580000, 0x00000000d6b80000, 0x0000000100000000)
  eden space 19968K, 100% used [0x00000000d5580000,0x00000000d6900000,0x00000000d6900000)
  from space 512K, 93% used [0x00000000d6a00000,0x00000000d6a78000,0x00000000d6a80000)
  to   space 1024K, 0% used [0x00000000d6a80000,0x00000000d6a80000,0x00000000d6b80000)
 ParOldGen       total 68608K, used 37744K [0x0000000080000000, 0x0000000084300000, 0x00000000d5580000)
  object space 68608K, 55% used [0x0000000080000000,0x00000000824dc168,0x0000000084300000)
 Metaspace       used 52626K, committed 53952K, reserved 1114112K
  class space    used 5749K, committed 6336K, reserved 1048576K
}
Event: 13.371 GC heap after
{Heap after GC invocations=30 (full 2):
 PSYoungGen      total 19968K, used 1004K [0x00000000d5580000, 0x00000000d6e00000, 0x0000000100000000)
  eden space 18944K, 0% used [0x00000000d5580000,0x00000000d5580000,0x00000000d6800000)
  from space 1024K, 98% used [0x00000000d6a80000,0x00000000d6b7b190,0x00000000d6b80000)
  to   space 2560K, 0% used [0x00000000d6800000,0x00000000d6800000,0x00000000d6a80000)
 ParOldGen       total 68608K, used 38679K [0x0000000080000000, 0x0000000084300000, 0x00000000d5580000)
  object space 68608K, 56% used [0x0000000080000000,0x00000000825c5ce0,0x0000000084300000)
 Metaspace       used 52626K, committed 53952K, reserved 1114112K
  class space    used 5749K, committed 6336K, reserved 1048576K
}
Event: 13.460 GC heap before
{Heap before GC invocations=31 (full 2):
 PSYoungGen      total 19968K, used 19948K [0x00000000d5580000, 0x00000000d6e00000, 0x0000000100000000)
  eden space 18944K, 100% used [0x00000000d5580000,0x00000000d6800000,0x00000000d6800000)
  from space 1024K, 98% used [0x00000000d6a80000,0x00000000d6b7b190,0x00000000d6b80000)
  to   space 2560K, 0% used [0x00000000d6800000,0x00000000d6800000,0x00000000d6a80000)
 ParOldGen       total 68608K, used 38679K [0x0000000080000000, 0x0000000084300000, 0x00000000d5580000)
  object space 68608K, 56% used [0x0000000080000000,0x00000000825c5ce0,0x0000000084300000)
 Metaspace       used 53046K, committed 54336K, reserved 1114112K
  class space    used 5779K, committed 6336K, reserved 1048576K
}
Event: 13.461 GC heap after
{Heap after GC invocations=31 (full 2):
 PSYoungGen      total 19456K, used 224K [0x00000000d5580000, 0x00000000d6b00000, 0x0000000100000000)
  eden space 18944K, 0% used [0x00000000d5580000,0x00000000d5580000,0x00000000d6800000)
  from space 512K, 43% used [0x00000000d6800000,0x00000000d6838000,0x00000000d6880000)
  to   space 1024K, 0% used [0x00000000d6a00000,0x00000000d6a00000,0x00000000d6b00000)
 ParOldGen       total 68608K, used 38783K [0x0000000080000000, 0x0000000084300000, 0x00000000d5580000)
  object space 68608K, 56% used [0x0000000080000000,0x00000000825dfce0,0x0000000084300000)
 Metaspace       used 53046K, committed 54336K, reserved 1114112K
  class space    used 5779K, committed 6336K, reserved 1048576K
}
Event: 14.072 GC heap before
{Heap before GC invocations=32 (full 2):
 PSYoungGen      total 19456K, used 19151K [0x00000000d5580000, 0x00000000d6b00000, 0x0000000100000000)
  eden space 18944K, 99% used [0x00000000d5580000,0x00000000d67fbfd0,0x00000000d6800000)
  from space 512K, 43% used [0x00000000d6800000,0x00000000d6838000,0x00000000d6880000)
  to   space 1024K, 0% used [0x00000000d6a00000,0x00000000d6a00000,0x00000000d6b00000)
 ParOldGen       total 68608K, used 38783K [0x0000000080000000, 0x0000000084300000, 0x00000000d5580000)
  object space 68608K, 56% used [0x0000000080000000,0x00000000825dfce0,0x0000000084300000)
 Metaspace       used 55728K, committed 57024K, reserved 1114112K
  class space    used 6053K, committed 6592K, reserved 1048576K
}
Event: 14.075 GC heap after
{Heap after GC invocations=32 (full 2):
 PSYoungGen      total 19968K, used 1018K [0x00000000d5580000, 0x00000000d6b00000, 0x0000000100000000)
  eden space 18944K, 0% used [0x00000000d5580000,0x00000000d5580000,0x00000000d6800000)
  from space 1024K, 99% used [0x00000000d6a00000,0x00000000d6afebe0,0x00000000d6b00000)
  to   space 1536K, 0% used [0x00000000d6800000,0x00000000d6800000,0x00000000d6980000)
 ParOldGen       total 68608K, used 38951K [0x0000000080000000, 0x0000000084300000, 0x00000000d5580000)
  object space 68608K, 56% used [0x0000000080000000,0x0000000082609ce0,0x0000000084300000)
 Metaspace       used 55728K, committed 57024K, reserved 1114112K
  class space    used 6053K, committed 6592K, reserved 1048576K
}
Event: 14.599 GC heap before
{Heap before GC invocations=33 (full 2):
 PSYoungGen      total 19968K, used 19962K [0x00000000d5580000, 0x00000000d6b00000, 0x0000000100000000)
  eden space 18944K, 100% used [0x00000000d5580000,0x00000000d6800000,0x00000000d6800000)
  from space 1024K, 99% used [0x00000000d6a00000,0x00000000d6afebe0,0x00000000d6b00000)
  to   space 1536K, 0% used [0x00000000d6800000,0x00000000d6800000,0x00000000d6980000)
 ParOldGen       total 68608K, used 38951K [0x0000000080000000, 0x0000000084300000, 0x00000000d5580000)
  object space 68608K, 56% used [0x0000000080000000,0x0000000082609ce0,0x0000000084300000)
 Metaspace       used 57787K, committed 59200K, reserved 1114112K
  class space    used 6244K, committed 6848K, reserved 1048576K
}
Event: 14.605 GC heap after
{Heap after GC invocations=33 (full 2):
 PSYoungGen      total 20480K, used 1392K [0x00000000d5580000, 0x00000000d6b00000, 0x0000000100000000)
  eden space 18944K, 0% used [0x00000000d5580000,0x00000000d5580000,0x00000000d6800000)
  from space 1536K, 90% used [0x00000000d6800000,0x00000000d695c090,0x00000000d6980000)
  to   space 1536K, 0% used [0x00000000d6980000,0x00000000d6980000,0x00000000d6b00000)
 ParOldGen       total 68608K, used 39383K [0x0000000080000000, 0x0000000084300000, 0x00000000d5580000)
  object space 68608K, 57% used [0x0000000080000000,0x0000000082675e90,0x0000000084300000)
 Metaspace       used 57787K, committed 59200K, reserved 1114112K
  class space    used 6244K, committed 6848K, reserved 1048576K
}
Event: 14.708 GC heap before
{Heap before GC invocations=34 (full 2):
 PSYoungGen      total 20480K, used 5471K [0x00000000d5580000, 0x00000000d6b00000, 0x0000000100000000)
  eden space 18944K, 21% used [0x00000000d5580000,0x00000000d597bd58,0x00000000d6800000)
  from space 1536K, 90% used [0x00000000d6800000,0x00000000d695c090,0x00000000d6980000)
  to   space 1536K, 0% used [0x00000000d6980000,0x00000000d6980000,0x00000000d6b00000)
 ParOldGen       total 68608K, used 39383K [0x0000000080000000, 0x0000000084300000, 0x00000000d5580000)
  object space 68608K, 57% used [0x0000000080000000,0x0000000082675e90,0x0000000084300000)
 Metaspace       used 58371K, committed 59776K, reserved 1114112K
  class space    used 6303K, committed 6912K, reserved 1048576K
}
Event: 14.712 GC heap after
{Heap after GC invocations=34 (full 2):
 PSYoungGen      total 19456K, used 368K [0x00000000d5580000, 0x00000000d6a00000, 0x0000000100000000)
  eden space 18944K, 0% used [0x00000000d5580000,0x00000000d5580000,0x00000000d6800000)
  from space 512K, 71% used [0x00000000d6980000,0x00000000d69dc030,0x00000000d6a00000)
  to   space 1024K, 0% used [0x00000000d6800000,0x00000000d6800000,0x00000000d6900000)
 ParOldGen       total 68608K, used 40627K [0x0000000080000000, 0x0000000084300000, 0x00000000d5580000)
  object space 68608K, 59% used [0x0000000080000000,0x00000000827accc0,0x0000000084300000)
 Metaspace       used 58371K, committed 59776K, reserved 1114112K
  class space    used 6303K, committed 6912K, reserved 1048576K
}
Event: 14.712 GC heap before
{Heap before GC invocations=35 (full 3):
 PSYoungGen      total 19456K, used 368K [0x00000000d5580000, 0x00000000d6a00000, 0x0000000100000000)
  eden space 18944K, 0% used [0x00000000d5580000,0x00000000d5580000,0x00000000d6800000)
  from space 512K, 71% used [0x00000000d6980000,0x00000000d69dc030,0x00000000d6a00000)
  to   space 1024K, 0% used [0x00000000d6800000,0x00000000d6800000,0x00000000d6900000)
 ParOldGen       total 68608K, used 40627K [0x0000000080000000, 0x0000000084300000, 0x00000000d5580000)
  object space 68608K, 59% used [0x0000000080000000,0x00000000827accc0,0x0000000084300000)
 Metaspace       used 58371K, committed 59776K, reserved 1114112K
  class space    used 6303K, committed 6912K, reserved 1048576K
}
Event: 14.879 GC heap after
{Heap after GC invocations=35 (full 3):
 PSYoungGen      total 19456K, used 0K [0x00000000d5580000, 0x00000000d6a00000, 0x0000000100000000)
  eden space 18944K, 0% used [0x00000000d5580000,0x00000000d5580000,0x00000000d6800000)
  from space 512K, 0% used [0x00000000d6980000,0x00000000d6980000,0x00000000d6a00000)
  to   space 1024K, 0% used [0x00000000d6800000,0x00000000d6800000,0x00000000d6900000)
 ParOldGen       total 68608K, used 37951K [0x0000000080000000, 0x0000000084300000, 0x00000000d5580000)
  object space 68608K, 55% used [0x0000000080000000,0x000000008250fe40,0x0000000084300000)
 Metaspace       used 58371K, committed 59776K, reserved 1114112K
  class space    used 6303K, committed 6912K, reserved 1048576K
}

